#
# A fatal error has been detected by the Java Runtime Environment:
#
#  EXCEPTION_ACCESS_VIOLATION (0xc0000005) at pc=0x6d93330a, pid=8292, tid=8724
#
# JRE version: 6.0_25-b06
# Java VM: Java HotSpot(TM) Client VM (20.0-b11 mixed mode, sharing windows-x86 )
# Problematic frame:
# V  [jvm.dll+0x9330a]
#
# If you would like to submit a bug report, please visit:
#   http://java.sun.com/webapps/bugreport/crash.jsp
#

---------------  T H R E A D  ---------------

Current thread (0x04df9800):  JavaThread "Thread-2" [_thread_in_vm, id=8724, stack(0x056c0000,0x05710000)]

siginfo: ExceptionCode=0xc0000005, reading address 0x00000000

Registers:
EAX=0x00000000, EBX=0x04df9800, ECX=0x00000006, EDX=0x6db042c0
ESP=0x0570fb6c, EBP=0x0570fb88, ESI=0x34684088, EDI=0x04df9800
EIP=0x6d93330a, EFLAGS=0x00010246

Top of Stack: (sp=0x0570fb6c)
0x0570fb6c:   04df9800 34684088 34684088 04df9800
0x0570fb7c:   00000000 00000000 00000000 0570fba8
0x0570fb8c:   10021417 04df9928 00000000 00000000
0x0570fb9c:   00000000 00000000 026d3b80 0570fc48
0x0570fbac:   100013c4 04df9928 00000000 00000000
0x0570fbbc:   00000000 00000000 04ded200 00000000
0x0570fbcc:   00000000 6dabb110 02541054 0000005c
0x0570fbdc:   00000005 0000005d 02540ff4 00000006 

Instructions: (pc=0x6d93330a)
0x6d9332ea:   ff 8b 43 04 83 c4 08 85 c0 89 5d f0 c7 45 f4 00
0x6d9332fa:   00 00 00 74 08 8d 4d f0 e8 49 e2 09 00 8b 45 0c
0x6d93330a:   8b 38 57 e8 8e a1 f8 ff 8d 70 01 56 e8 a5 d1 06
0x6d93331a:   00 83 c4 08 85 c0 89 45 08 75 19 68 8c 73 ac 6d 


Register to memory mapping:

EAX=0x00000000 is an unknown value
EBX=0x04df9800 is a thread
ECX=0x00000006 is an unknown value
EDX=0x6db042c0 is an unknown value
ESP=0x0570fb6c is pointing into the stack for thread: 0x04df9800
EBP=0x0570fb88 is pointing into the stack for thread: 0x04df9800
ESI=0x34684088 is an oop
{method} 
 - klass: {other class}
EDI=0x04df9800 is a thread


Stack: [0x056c0000,0x05710000],  sp=0x0570fb6c,  free space=318k
Native frames: (J=compiled Java code, j=interpreted, Vv=VM code, C=native code)
V  [jvm.dll+0x9330a]
C  [libSerialPort.dll+0x21417]  Java_core_SerialPort_closePortC+0x145bf
C  [libSerialPort.dll+0x13c4]  Java_core_SerialPort_openPortC+0x98
j  core.SerialPort.openPortC(Ljava/lang/String;Ljava/lang/String;Ljava/lang/String;Ljava/lang/String;Ljava/lang/String;)I+0
j  app.Com.<init>(Lapp/Parameters;)V+47
j  serialport.PuertoSerie.run()V+87
v  ~StubRoutines::call_stub
V  [jvm.dll+0xfad0b]
V  [jvm.dll+0x18c241]
V  [jvm.dll+0xfaeb1]
V  [jvm.dll+0xfaf0b]
V  [jvm.dll+0xb5549]
V  [jvm.dll+0x118f44]
V  [jvm.dll+0x140a8c]
C  [msvcr71.dll+0x9565]  endthreadex+0xa0
C  [kernel32.dll+0x1339a]  BaseThreadInitThunk+0x12
C  [ntdll.dll+0x39ef2]  RtlInitializeExceptionChain+0x63
C  [ntdll.dll+0x39ec5]  RtlInitializeExceptionChain+0x36

Java frames: (J=compiled Java code, j=interpreted, Vv=VM code)
j  core.SerialPort.openPortC(Ljava/lang/String;Ljava/lang/String;Ljava/lang/String;Ljava/lang/String;Ljava/lang/String;)I+0
j  app.Com.<init>(Lapp/Parameters;)V+47
j  serialport.PuertoSerie.run()V+87
v  ~StubRoutines::call_stub

---------------  P R O C E S S  ---------------

Java Threads: ( => current thread )
=>0x04df9800 JavaThread "Thread-2" [_thread_in_vm, id=8724, stack(0x056c0000,0x05710000)]
  0x00df9800 JavaThread "DestroyJavaVM" [_thread_blocked, id=1568, stack(0x00da0000,0x00df0000)]
  0x04defc00 JavaThread "AWT-EventQueue-0" [_thread_blocked, id=9120, stack(0x05610000,0x05660000)]
  0x04de4c00 JavaThread "AWT-Windows" daemon [_thread_in_native, id=8752, stack(0x05170000,0x051c0000)]
  0x04de4800 JavaThread "AWT-Shutdown" [_thread_blocked, id=8588, stack(0x05090000,0x050e0000)]
  0x04de2000 JavaThread "Java2D Disposer" daemon [_thread_blocked, id=8304, stack(0x05000000,0x05050000)]
  0x0253d800 JavaThread "Low Memory Detector" daemon [_thread_blocked, id=8664, stack(0x04b00000,0x04b50000)]
  0x02538c00 JavaThread "C1 CompilerThread0" daemon [_thread_blocked, id=7212, stack(0x04a70000,0x04ac0000)]
  0x02537800 JavaThread "Attach Listener" daemon [_thread_blocked, id=7156, stack(0x049e0000,0x04a30000)]
  0x02534800 JavaThread "Signal Dispatcher" daemon [_thread_blocked, id=8212, stack(0x04950000,0x049a0000)]
  0x0252c400 JavaThread "Finalizer" daemon [_thread_blocked, id=7672, stack(0x048c0000,0x04910000)]
  0x0252ac00 JavaThread "Reference Handler" daemon [_thread_blocked, id=8964, stack(0x04830000,0x04880000)]

Other Threads:
  0x024ee400 VMThread [stack: 0x047a0000,0x047f0000] [id=8340]
  0x0254f400 WatcherThread [stack: 0x04b90000,0x04be0000] [id=8216]

VM state:not at safepoint (normal execution)

VM Mutex/Monitor currently owned by a thread: None

Heap
 def new generation   total 4928K, used 2348K [0x245c0000, 0x24b10000, 0x29b10000)
  eden space 4416K,  53% used [0x245c0000, 0x2480b3f0, 0x24a10000)
  from space 512K,   0% used [0x24a10000, 0x24a10000, 0x24a90000)
  to   space 512K,   0% used [0x24a90000, 0x24a90000, 0x24b10000)
 tenured generation   total 10944K, used 0K [0x29b10000, 0x2a5c0000, 0x345c0000)
   the space 10944K,   0% used [0x29b10000, 0x29b10000, 0x29b10200, 0x2a5c0000)
 compacting perm gen  total 12288K, used 864K [0x345c0000, 0x351c0000, 0x385c0000)
   the space 12288K,   7% used [0x345c0000, 0x34698060, 0x34698200, 0x351c0000)
    ro space 10240K,  54% used [0x385c0000, 0x38b3e770, 0x38b3e800, 0x38fc0000)
    rw space 12288K,  55% used [0x38fc0000, 0x39664ac8, 0x39664c00, 0x39bc0000)

Code Cache  [0x02690000, 0x02720000, 0x04690000)
 total_blobs=262 nmethods=63 adapters=135 free_code_cache=32970752 largest_free_block=0

Dynamic libraries:
0x00400000 - 0x00424000 	C:\Program Files (x86)\Java\jdk1.6.0_25\bin\java.exe
0x77210000 - 0x77390000 	C:\Windows\SysWOW64\ntdll.dll
0x764b0000 - 0x765c0000 	C:\Windows\syswow64\kernel32.dll
0x765c0000 - 0x76606000 	C:\Windows\syswow64\KERNELBASE.dll
0x76610000 - 0x766b0000 	C:\Windows\syswow64\ADVAPI32.dll
0x76d60000 - 0x76e0c000 	C:\Windows\syswow64\msvcrt.dll
0x76930000 - 0x76949000 	C:\Windows\SysWOW64\sechost.dll
0x76c70000 - 0x76d60000 	C:\Windows\syswow64\RPCRT4.dll
0x74d70000 - 0x74dd0000 	C:\Windows\syswow64\SspiCli.dll
0x74d60000 - 0x74d6c000 	C:\Windows\syswow64\CRYPTBASE.dll
0x7c340000 - 0x7c396000 	C:\Program Files (x86)\Java\jdk1.6.0_25\jre\bin\msvcr71.dll
0x6d8a0000 - 0x6db4f000 	C:\Program Files (x86)\Java\jdk1.6.0_25\jre\bin\client\jvm.dll
0x74dd0000 - 0x74ed0000 	C:\Windows\syswow64\USER32.dll
0x75630000 - 0x756c0000 	C:\Windows\syswow64\GDI32.dll
0x764a0000 - 0x764aa000 	C:\Windows\syswow64\LPK.dll
0x76830000 - 0x768cd000 	C:\Windows\syswow64\USP10.dll
0x74880000 - 0x748b2000 	C:\Windows\system32\WINMM.dll
0x75550000 - 0x755b0000 	C:\Windows\system32\IMM32.DLL
0x76970000 - 0x76a3c000 	C:\Windows\syswow64\MSCTF.dll
0x74440000 - 0x7448c000 	C:\Windows\system32\apphelp.dll
0x74bf0000 - 0x74c26000 	C:\Windows\SysWOW64\nvinit.dll
0x0f000000 - 0x0f006000 	C:\Program Files (x86)\NVIDIA Corporation\CoProcManager\_etoured.dll
0x6f630000 - 0x6f66d000 	C:\Program Files (x86)\NVIDIA Corporation\CoProcManager\nvd3d9wrap.dll
0x76ad0000 - 0x76c6d000 	C:\Windows\syswow64\SETUPAPI.dll
0x75820000 - 0x75847000 	C:\Windows\syswow64\CFGMGR32.dll
0x76a40000 - 0x76acf000 	C:\Windows\syswow64\OLEAUT32.dll
0x75090000 - 0x751ec000 	C:\Windows\syswow64\ole32.dll
0x76950000 - 0x76962000 	C:\Windows\syswow64\DEVOBJ.dll
0x6f5f0000 - 0x6f62b000 	C:\Program Files (x86)\NVIDIA Corporation\CoProcManager\nvdxgiwrap.dll
0x6d850000 - 0x6d85c000 	C:\Program Files (x86)\Java\jdk1.6.0_25\jre\bin\verify.dll
0x6d3d0000 - 0x6d3ef000 	C:\Program Files (x86)\Java\jdk1.6.0_25\jre\bin\java.dll
0x74ed0000 - 0x74ed5000 	C:\Windows\syswow64\PSAPI.DLL
0x6d890000 - 0x6d89f000 	C:\Program Files (x86)\Java\jdk1.6.0_25\jre\bin\zip.dll
0x6d0b0000 - 0x6d1fb000 	C:\Program Files (x86)\Java\jdk1.6.0_25\jre\bin\awt.dll
0x74c30000 - 0x74c81000 	C:\Windows\system32\WINSPOOL.DRV
0x722b0000 - 0x7244e000 	C:\Windows\WinSxS\x86_microsoft.windows.common-controls_6595b64144ccf1df_6.0.7601.17514_none_41e6975e2bd6f2b2\COMCTL32.dll
0x768d0000 - 0x76927000 	C:\Windows\syswow64\SHLWAPI.dll
0x6f550000 - 0x6f563000 	C:\Windows\system32\DWMAPI.DLL
0x6f570000 - 0x6f5f0000 	C:\Windows\system32\uxtheme.dll
0x75850000 - 0x7649a000 	C:\Windows\syswow64\shell32.dll
0x6d2e0000 - 0x6d32f000 	C:\Program Files (x86)\Java\jdk1.6.0_25\jre\bin\fontmanager.dll
0x10000000 - 0x1013f000 	C:\Users\sergio\Documents\NetBeansProjects\SerialPort\libSerialPort.dll
0x74f30000 - 0x74fb3000 	C:\Windows\syswow64\CLBCatQ.DLL

VM Arguments:
jvm_args: -Dfile.encoding=UTF-8 
java_command: serialport.Frame
Launcher Type: SUN_STANDARD

Environment Variables:
JAVA_HOME=C:\Program Files (x86)\Java\jdk1.6.0_25
CLASSPATH=.;C:\Program Files (x86)\Java\jre6\lib\ext\QTJava.zip
PATH=C:\Program Files (x86)\NVIDIA Corporation\PhysX\Common;C:\Program Files\Common Files\Microsoft Shared\Windows Live;C:\Program Files (x86)\Common Files\Microsoft Shared\Windows Live;C:\Program Files (x86)\MiKTeX 2.8\miktex\bin;C:\Windows\system32;C:\Windows;C:\Windows\System32\Wbem;C:\Windows\System32\WindowsPowerShell\v1.0\;C:\Program Files\Intel\WiFi\bin\;C:\Program Files\Common Files\Intel\WirelessCommon\;C:\Program Files (x86)\Windows Live\Shared;C:\Program Files (x86)\Common Files\Roxio Shared\DLLShared\;C:\Program Files (x86)\Common Files\Roxio Shared\OEM\DLLShared\;C:\Program Files (x86)\Common Files\Roxio Shared\OEM\DLLShared\;C:\Program Files (x86)\Common Files\Roxio Shared\OEM\12.0\DLLShared\;C:\Program Files (x86)\Roxio\OEM\AudioCore\;C:\Program Files (x86)\GtkSharp\2.12\bin;c:\Program Files (x86)\Microsoft SQL Server\100\Tools\Binn\;c:\Program Files\Microsoft SQL Server\100\Tools\Binn\;c:\Program Files\Microsoft SQL Server\100\DTS\Binn\;C:\Program Files (x86)\Git\cmd;C:\Program Files (x86)\QuickTime\QTSystem\;C:\Users\sergio\Documents\Proyectos\xampp\php;C:\Users\sergio\Documents\Proyectos\xampp\htdocs\cakephp-1.3.8\cake\console
USERNAME=sergio
OS=Windows_NT
PROCESSOR_IDENTIFIER=Intel64 Family 6 Model 42 Stepping 7, GenuineIntel



---------------  S Y S T E M  ---------------

OS: Windows 7 Build 7601 Service Pack 1

CPU:total 4 (2 cores per cpu, 2 threads per core) family 6 model 42 stepping 7, cmov, cx8, fxsr, mmx, sse, sse2, sse3, ssse3, sse4.1, sse4.2, popcnt, ht

Memory: 4k page, physical 4106416k(1005256k free), swap 8210984k(3128808k free)

vm_info: Java HotSpot(TM) Client VM (20.0-b11) for windows-x86 JRE (1.6.0_25-b06), built on Apr 14 2011 01:04:32 by "java_re" with MS VC++ 7.1 (VS2003)

time: Sun Mar 25 11:01:16 2012
elapsed time: 11 seconds

